Parameter:
 {
  "input_path": "./data/SMP_Final_Origin2_5/",
  "output_dir": "./result/SMP_data_slu_5/",
  "dataset": "smp",
  "episode_num": 50,
  "support_shots": 5,
  "query_shot": 8,
  "way": -1,
  "min_domain_size": 50,
  "min_label_appear": 2,
  "task": "slu",
  "mark": "try",
  "dup_query": false,
  "allow_override": true,
  "check": true,
  "style": "fs",
  "intent_as_domain": false,
  "seed": 0,
  "split_basis": "domain",
  "eval_config": "D:/Data/Project/Data/MetaData/config/config0.json",
  "eval_config_id": 0,
  "label_type": "both",
  "remove_rate": 80.0,
  "use_fix_support": true
}
Start loading SMP (Chinese) data from:  ./data/SMP_Final_Origin2_5/
all_files: ./data/SMP_Final_Origin2_5/train - ['./data/SMP_Final_Origin2_5/train/source.json']
all data num: 5024 - ./data/SMP_Final_Origin2_5/train/source.json
text before: ['今', '天', '适', '宜', '求', '医', '吗', '\xa0']
text after: ['今', '天', '适', '宜', '求', '医', '吗']
support data num: 11 - ./data/SMP_Final_Origin2_5/dev/support/support_1.json
support data num: 51 - ./data/SMP_Final_Origin2_5/dev/support/support_4.json
support data num: 10 - ./data/SMP_Final_Origin2_5/dev/support/support_0.json
support data num: 11 - ./data/SMP_Final_Origin2_5/dev/support/support_3.json
support data num: 25 - ./data/SMP_Final_Origin2_5/dev/support/support_2.json
all data num: 103 - ./data/SMP_Final_Origin2_5/dev/correct/correct_2.json
all data num: 89 - ./data/SMP_Final_Origin2_5/dev/correct/correct_1.json
all data num: 99 - ./data/SMP_Final_Origin2_5/dev/correct/correct_4.json
all data num: 90 - ./data/SMP_Final_Origin2_5/dev/correct/correct_0.json
all data num: 89 - ./data/SMP_Final_Origin2_5/dev/correct/correct_3.json
support data num: 36 - ./data/SMP_Final_Origin2_5/test/support/support_1.json
support data num: 20 - ./data/SMP_Final_Origin2_5/test/support/support_4.json
support data num: 27 - ./data/SMP_Final_Origin2_5/test/support/support_0.json
support data num: 10 - ./data/SMP_Final_Origin2_5/test/support/support_6.json
support data num: 37 - ./data/SMP_Final_Origin2_5/test/support/support_7.json
support data num: 29 - ./data/SMP_Final_Origin2_5/test/support/support_3.json
support data num: 33 - ./data/SMP_Final_Origin2_5/test/support/support_2.json
support data num: 31 - ./data/SMP_Final_Origin2_5/test/support/support_8.json
support data num: 10 - ./data/SMP_Final_Origin2_5/test/support/support_5.json
all data num: 116 - ./data/SMP_Final_Origin2_5/test/correct/correct_2.json
all data num: 139 - ./data/SMP_Final_Origin2_5/test/correct/correct_1.json
all data num: 76 - ./data/SMP_Final_Origin2_5/test/correct/correct_4.json
all data num: 90 - ./data/SMP_Final_Origin2_5/test/correct/correct_6.json
all data num: 102 - ./data/SMP_Final_Origin2_5/test/correct/correct_7.json
all data num: 94 - ./data/SMP_Final_Origin2_5/test/correct/correct_8.json
all data num: 98 - ./data/SMP_Final_Origin2_5/test/correct/correct_0.json
all data num: 158 - ./data/SMP_Final_Origin2_5/test/correct/correct_5.json
all data num: 96 - ./data/SMP_Final_Origin2_5/test/correct/correct_3.json
Start generate meta data.
0 - labels: ['LAUNCH']
0 - seq_outs: ['O', 'O', 'O', 'O', 'O', 'B-name', 'I-name']
0 - slu_labels: ['LAUNCH-O', 'LAUNCH-O', 'LAUNCH-O', 'LAUNCH-O', 'LAUNCH-O', 'LAUNCH-B-name', 'LAUNCH-I-name']
1 - labels: ['LAUNCH']
1 - seq_outs: ['O', 'O', 'B-name', 'I-name', 'I-name', 'I-name']
1 - slu_labels: ['LAUNCH-O', 'LAUNCH-O', 'LAUNCH-B-name', 'LAUNCH-I-name', 'LAUNCH-I-name', 'LAUNCH-I-name']
2 - labels: ['LAUNCH']
2 - seq_outs: ['O', 'O', 'O', 'O', 'B-name', 'I-name']
2 - slu_labels: ['LAUNCH-O', 'LAUNCH-O', 'LAUNCH-O', 'LAUNCH-O', 'LAUNCH-B-name', 'LAUNCH-I-name']
	Domain: app 0 episodes finished
0 - labels: ['QUERY']
0 - seq_outs: ['O', 'O', 'O', 'O', 'O', 'O', 'O', 'O']
0 - slu_labels: ['QUERY', 'QUERY', 'QUERY', 'QUERY', 'QUERY', 'QUERY', 'QUERY', 'QUERY']
1 - labels: ['QUERY']
1 - seq_outs: ['O', 'O', 'B-startLoc_city', 'I-startLoc_city', 'O', 'B-endLoc_city', 'I-endLoc_city', 'O', 'O', 'O', 'O']
1 - slu_labels: ['QUERY-O', 'QUERY-O', 'QUERY-B-startLoc_city', 'QUERY-I-startLoc_city', 'QUERY-O', 'QUERY-B-endLoc_city', 'QUERY-I-endLoc_city', 'QUERY-O', 'QUERY-O', 'QUERY-O', 'QUERY-O']
2 - labels: ['QUERY']
2 - seq_outs: ['O', 'O', 'O', 'O', 'O', 'B-startDate_date', 'I-startDate_date', 'O', 'B-endLoc_city', 'I-endLoc_city', 'O', 'O', 'O', 'O']
2 - slu_labels: ['QUERY-O', 'QUERY-O', 'QUERY-O', 'QUERY-O', 'QUERY-O', 'QUERY-B-startDate_date', 'QUERY-I-startDate_date', 'QUERY-O', 'QUERY-B-endLoc_city', 'QUERY-I-endLoc_city', 'QUERY-O', 'QUERY-O', 'QUERY-O', 'QUERY-O']
	Domain: train 0 episodes finished
0 - labels: ['QUERY']
0 - seq_outs: ['B-name', 'I-name', 'O', 'O', 'O', 'O', 'O', 'O']
0 - slu_labels: ['QUERY-B-name', 'QUERY-I-name', 'QUERY-O', 'QUERY-O', 'QUERY-O', 'QUERY-O', 'QUERY-O', 'QUERY-O']
1 - labels: ['QUERY']
1 - seq_outs: ['B-name', 'I-name', 'O', 'O', 'O', 'O', 'O', 'O', 'O', 'O']
1 - slu_labels: ['QUERY-B-name', 'QUERY-I-name', 'QUERY-O', 'QUERY-O', 'QUERY-O', 'QUERY-O', 'QUERY-O', 'QUERY-O', 'QUERY-O', 'QUERY-O']
2 - labels: ['DIAL']
2 - seq_outs: ['O', 'O', 'B-name', 'I-name']
2 - slu_labels: ['DIAL-O', 'DIAL-O', 'DIAL-B-name', 'DIAL-I-name']
	Domain: telephone 0 episodes finished
0 - labels: ['SENDCONTACTS']
0 - seq_outs: ['O', 'B-name', 'I-name', 'O', 'O', 'O', 'O', 'O', 'O', 'O', 'B-receiver', 'I-receiver', 'I-receiver']
0 - slu_labels: ['SENDCONTACTS-O', 'SENDCONTACTS-B-name', 'SENDCONTACTS-I-name', 'SENDCONTACTS-O', 'SENDCONTACTS-O', 'SENDCONTACTS-O', 'SENDCONTACTS-O', 'SENDCONTACTS-O', 'SENDCONTACTS-O', 'SENDCONTACTS-O', 'SENDCONTACTS-B-receiver', 'SENDCONTACTS-I-receiver', 'SENDCONTACTS-I-receiver']
1 - labels: ['SENDCONTACTS']
1 - seq_outs: ['O', 'B-name', 'I-name', 'I-name', 'O', 'O', 'O', 'O', 'O', 'B-receiver', 'I-receiver']
1 - slu_labels: ['SENDCONTACTS-O', 'SENDCONTACTS-B-name', 'SENDCONTACTS-I-name', 'SENDCONTACTS-I-name', 'SENDCONTACTS-O', 'SENDCONTACTS-O', 'SENDCONTACTS-O', 'SENDCONTACTS-O', 'SENDCONTACTS-O', 'SENDCONTACTS-B-receiver', 'SENDCONTACTS-I-receiver']
2 - labels: ['SENDCONTACTS']
2 - seq_outs: ['O', 'B-name', 'I-name', 'I-name', 'O', 'O', 'O', 'O', 'O', 'B-receiver', 'I-receiver', 'I-receiver']
2 - slu_labels: ['SENDCONTACTS-O', 'SENDCONTACTS-B-name', 'SENDCONTACTS-I-name', 'SENDCONTACTS-I-name', 'SENDCONTACTS-O', 'SENDCONTACTS-O', 'SENDCONTACTS-O', 'SENDCONTACTS-O', 'SENDCONTACTS-O', 'SENDCONTACTS-B-receiver', 'SENDCONTACTS-I-receiver', 'SENDCONTACTS-I-receiver']
	Domain: message 0 episodes finished
0 - labels: ['QUERY']
0 - seq_outs: ['B-dishName', 'I-dishName', 'I-dishName', 'I-dishName', 'I-dishName', 'O', 'O', 'O']
0 - slu_labels: ['QUERY-B-dishName', 'QUERY-I-dishName', 'QUERY-I-dishName', 'QUERY-I-dishName', 'QUERY-I-dishName', 'QUERY-O', 'QUERY-O', 'QUERY-O']
1 - labels: ['QUERY']
1 - seq_outs: ['B-dishName', 'I-dishName', 'I-dishName', 'I-dishName', 'I-dishName', 'O', 'O', 'O']
1 - slu_labels: ['QUERY-B-dishName', 'QUERY-I-dishName', 'QUERY-I-dishName', 'QUERY-I-dishName', 'QUERY-I-dishName', 'QUERY-O', 'QUERY-O', 'QUERY-O']
2 - labels: ['QUERY']
2 - seq_outs: ['B-dishName', 'I-dishName', 'I-dishName', 'I-dishName']
2 - slu_labels: ['QUERY-B-dishName', 'QUERY-I-dishName', 'QUERY-I-dishName', 'QUERY-I-dishName']
	Domain: cookbook 0 episodes finished
0 - labels: ['QUERY']
0 - seq_outs: ['B-datetime_date', 'I-datetime_date', 'B-datetime_time', 'I-datetime_time', 'O', 'O', 'O', 'B-name', 'I-name', 'I-name', 'I-name', 'I-name', 'O', 'O']
0 - slu_labels: ['QUERY-B-datetime_date', 'QUERY-I-datetime_date', 'QUERY-B-datetime_time', 'QUERY-I-datetime_time', 'QUERY-O', 'QUERY-O', 'QUERY-O', 'QUERY-B-name', 'QUERY-I-name', 'QUERY-I-name', 'QUERY-I-name', 'QUERY-I-name', 'QUERY-O', 'QUERY-O']
1 - labels: ['QUERY']
1 - seq_outs: ['O', 'O', 'O', 'B-datetime_time', 'I-datetime_time', 'B-tvchannel', 'I-tvchannel', 'I-tvchannel', 'I-tvchannel', 'O', 'O', 'O', 'O', 'O', 'O']
1 - slu_labels: ['QUERY-O', 'QUERY-O', 'QUERY-O', 'QUERY-B-datetime_time', 'QUERY-I-datetime_time', 'QUERY-B-tvchannel', 'QUERY-I-tvchannel', 'QUERY-I-tvchannel', 'QUERY-I-tvchannel', 'QUERY-O', 'QUERY-O', 'QUERY-O', 'QUERY-O', 'QUERY-O', 'QUERY-O']
2 - labels: ['QUERY']
2 - seq_outs: ['B-datetime_time', 'I-datetime_time', 'O', 'O', 'O', 'B-category', 'I-category', 'O']
2 - slu_labels: ['QUERY-B-datetime_time', 'QUERY-I-datetime_time', 'QUERY-O', 'QUERY-O', 'QUERY-O', 'QUERY-B-category', 'QUERY-I-category', 'QUERY-O']
	Domain: epg 0 episodes finished
0 - labels: ['QUERY']
0 - seq_outs: ['O', 'B-startLoc_city', 'I-startLoc_city', 'O', 'B-endLoc_city', 'I-endLoc_city', 'O', 'O', 'O', 'O']
0 - slu_labels: ['QUERY-O', 'QUERY-B-startLoc_city', 'QUERY-I-startLoc_city', 'QUERY-O', 'QUERY-B-endLoc_city', 'QUERY-I-endLoc_city', 'QUERY-O', 'QUERY-O', 'QUERY-O', 'QUERY-O']
1 - labels: ['QUERY']
1 - seq_outs: ['B-startLoc_city', 'I-startLoc_city', 'O', 'B-endLoc_city', 'I-endLoc_city', 'O', 'O', 'O']
1 - slu_labels: ['QUERY-B-startLoc_city', 'QUERY-I-startLoc_city', 'QUERY-O', 'QUERY-B-endLoc_city', 'QUERY-I-endLoc_city', 'QUERY-O', 'QUERY-O', 'QUERY-O']
2 - labels: ['QUERY']
2 - seq_outs: ['B-startDate_date', 'I-startDate_date', 'O', 'B-endLoc_city', 'I-endLoc_city', 'O', 'O', 'O']
2 - slu_labels: ['QUERY-B-startDate_date', 'QUERY-I-startDate_date', 'QUERY-O', 'QUERY-B-endLoc_city', 'QUERY-I-endLoc_city', 'QUERY-O', 'QUERY-O', 'QUERY-O']
	Domain: flight 0 episodes finished
0 - labels: ['QUERY']
0 - seq_outs: ['B-keyword', 'I-keyword', 'O', 'O', 'O', 'O', 'O']
0 - slu_labels: ['QUERY-B-keyword', 'QUERY-I-keyword', 'QUERY-O', 'QUERY-O', 'QUERY-O', 'QUERY-O', 'QUERY-O']
1 - labels: ['QUERY']
1 - seq_outs: ['B-keyword', 'I-keyword', 'I-keyword', 'O', 'O', 'O', 'O', 'O']
1 - slu_labels: ['QUERY-B-keyword', 'QUERY-I-keyword', 'QUERY-I-keyword', 'QUERY-O', 'QUERY-O', 'QUERY-O', 'QUERY-O', 'QUERY-O']
2 - labels: ['QUERY']
2 - seq_outs: ['B-keyword', 'I-keyword', 'I-keyword', 'I-keyword', 'I-keyword', 'I-keyword', 'O']
2 - slu_labels: ['QUERY-B-keyword', 'QUERY-I-keyword', 'QUERY-I-keyword', 'QUERY-I-keyword', 'QUERY-I-keyword', 'QUERY-I-keyword', 'QUERY-O']
	Domain: health 0 episodes finished
0 - labels: ['POSITION']
0 - seq_outs: ['B-location_province', 'I-location_province', 'O', 'O', 'O']
0 - slu_labels: ['POSITION-B-location_province', 'POSITION-I-location_province', 'POSITION-O', 'POSITION-O', 'POSITION-O']
1 - labels: ['ROUTE']
1 - seq_outs: ['O', 'B-startLoc_city', 'I-startLoc_city', 'I-startLoc_city', 'O', 'B-endLoc_province', 'I-endLoc_province', 'I-endLoc_province', 'B-endLoc_poi', 'I-endLoc_poi', 'I-endLoc_poi', 'I-endLoc_poi', 'I-endLoc_poi', 'O', 'O', 'O']
1 - slu_labels: ['ROUTE-O', 'ROUTE-B-startLoc_city', 'ROUTE-I-startLoc_city', 'ROUTE-I-startLoc_city', 'ROUTE-O', 'ROUTE-B-endLoc_province', 'ROUTE-I-endLoc_province', 'ROUTE-I-endLoc_province', 'ROUTE-B-endLoc_poi', 'ROUTE-I-endLoc_poi', 'ROUTE-I-endLoc_poi', 'ROUTE-I-endLoc_poi', 'ROUTE-I-endLoc_poi', 'ROUTE-O', 'ROUTE-O', 'ROUTE-O']
2 - labels: ['POSITION']
2 - seq_outs: ['O', 'O', 'O', 'O', 'O', 'B-location_area', 'I-location_area', 'O', 'O', 'O', 'O', 'O']
2 - slu_labels: ['POSITION-O', 'POSITION-O', 'POSITION-O', 'POSITION-O', 'POSITION-O', 'POSITION-B-location_area', 'POSITION-I-location_area', 'POSITION-O', 'POSITION-O', 'POSITION-O', 'POSITION-O', 'POSITION-O']
	Domain: map 0 episodes finished
0 - labels: ['PLAY']
0 - seq_outs: ['O', 'O', 'O', 'B-song', 'I-song', 'I-song', 'I-song', 'O', 'O', 'O']
0 - slu_labels: ['PLAY-O', 'PLAY-O', 'PLAY-O', 'PLAY-B-song', 'PLAY-I-song', 'PLAY-I-song', 'PLAY-I-song', 'PLAY-O', 'PLAY-O', 'PLAY-O']
1 - labels: ['PLAY']
1 - seq_outs: ['B-song', 'I-song', 'I-song', 'I-song', 'I-song', 'O', 'O', 'O']
1 - slu_labels: ['PLAY-B-song', 'PLAY-I-song', 'PLAY-I-song', 'PLAY-I-song', 'PLAY-I-song', 'PLAY-O', 'PLAY-O', 'PLAY-O']
2 - labels: ['PLAY']
2 - seq_outs: ['O', 'O', 'O', 'O', 'B-song', 'I-song', 'I-song', 'O']
2 - slu_labels: ['PLAY-O', 'PLAY-O', 'PLAY-O', 'PLAY-O', 'PLAY-B-song', 'PLAY-I-song', 'PLAY-I-song', 'PLAY-O']
	Domain: music 0 episodes finished
0 - labels: ['QUERY']
0 - seq_outs: ['O', 'O', 'O', 'B-dynasty', 'O', 'O', 'O', 'O', 'O', 'O']
0 - slu_labels: ['QUERY-O', 'QUERY-O', 'QUERY-O', 'QUERY-B-dynasty', 'QUERY-O', 'QUERY-O', 'QUERY-O', 'QUERY-O', 'QUERY-O', 'QUERY-O']
1 - labels: ['QUERY']
1 - seq_outs: ['O', 'O', 'O', 'B-author', 'I-author', 'I-author', 'O', 'O']
1 - slu_labels: ['QUERY-O', 'QUERY-O', 'QUERY-O', 'QUERY-B-author', 'QUERY-I-author', 'QUERY-I-author', 'QUERY-O', 'QUERY-O']
2 - labels: ['QUERY']
2 - seq_outs: ['O', 'O', 'O', 'B-author', 'I-author', 'I-author', 'O', 'O']
2 - slu_labels: ['QUERY-O', 'QUERY-O', 'QUERY-O', 'QUERY-B-author', 'QUERY-I-author', 'QUERY-I-author', 'QUERY-O', 'QUERY-O']
	Domain: poetry 0 episodes finished
0 - labels: ['QUERY']
0 - seq_outs: ['B-name', 'I-name', 'I-name', 'I-name', 'O', 'O']
0 - slu_labels: ['QUERY-B-name', 'QUERY-I-name', 'QUERY-I-name', 'QUERY-I-name', 'QUERY-O', 'QUERY-O']
1 - labels: ['QUERY']
1 - seq_outs: ['B-name', 'I-name', 'I-name', 'I-name', 'O', 'O']
1 - slu_labels: ['QUERY-B-name', 'QUERY-I-name', 'QUERY-I-name', 'QUERY-I-name', 'QUERY-O', 'QUERY-O']
2 - labels: ['QUERY']
2 - seq_outs: ['B-name', 'I-name', 'I-name', 'I-name', 'O', 'O']
2 - slu_labels: ['QUERY-B-name', 'QUERY-I-name', 'QUERY-I-name', 'QUERY-I-name', 'QUERY-O', 'QUERY-O']
	Domain: stock 0 episodes finished
0 - labels: ['TRANSLATION']
0 - seq_outs: ['B-content', 'I-content', 'I-content', 'I-content', 'I-content', 'I-content', 'I-content', 'O', 'B-target', 'I-target', 'O']
0 - slu_labels: ['TRANSLATION-B-content', 'TRANSLATION-I-content', 'TRANSLATION-I-content', 'TRANSLATION-I-content', 'TRANSLATION-I-content', 'TRANSLATION-I-content', 'TRANSLATION-I-content', 'TRANSLATION-O', 'TRANSLATION-B-target', 'TRANSLATION-I-target', 'TRANSLATION-O']
1 - labels: ['TRANSLATION']
1 - seq_outs: ['O', 'O', 'B-content', 'I-content', 'I-content', 'I-content']
1 - slu_labels: ['TRANSLATION-O', 'TRANSLATION-O', 'TRANSLATION-B-content', 'TRANSLATION-I-content', 'TRANSLATION-I-content', 'TRANSLATION-I-content']
2 - labels: ['TRANSLATION']
2 - seq_outs: ['O', 'O', 'B-content', 'I-content']
2 - slu_labels: ['TRANSLATION-O', 'TRANSLATION-O', 'TRANSLATION-B-content', 'TRANSLATION-I-content']
	Domain: translation 0 episodes finished
0 - labels: ['QUERY']
0 - seq_outs: ['O', 'O', 'B-datetime_date', 'I-datetime_date', 'I-datetime_date', 'I-datetime_date', 'I-datetime_date', 'B-tag', 'I-tag', 'B-category', 'I-category']
0 - slu_labels: ['QUERY-O', 'QUERY-O', 'QUERY-B-datetime_date', 'QUERY-I-datetime_date', 'QUERY-I-datetime_date', 'QUERY-I-datetime_date', 'QUERY-I-datetime_date', 'QUERY-B-tag', 'QUERY-I-tag', 'QUERY-B-category', 'QUERY-I-category']
1 - labels: ['QUERY']
1 - seq_outs: ['O', 'O', 'B-category', 'I-category', 'B-name', 'I-name']
1 - slu_labels: ['QUERY-O', 'QUERY-O', 'QUERY-B-category', 'QUERY-I-category', 'QUERY-B-name', 'QUERY-I-name']
2 - labels: ['QUERY']
2 - seq_outs: ['B-artist', 'I-artist', 'I-artist', 'O', 'B-name', 'I-name', 'I-name']
2 - slu_labels: ['QUERY-B-artist', 'QUERY-I-artist', 'QUERY-I-artist', 'QUERY-O', 'QUERY-B-name', 'QUERY-I-name', 'QUERY-I-name']
	Domain: video 0 episodes finished
0 - labels: ['OPEN']
0 - seq_outs: ['O', 'O', 'B-name', 'I-name', 'I-name', 'I-name']
0 - slu_labels: ['OPEN-O', 'OPEN-O', 'OPEN-B-name', 'OPEN-I-name', 'OPEN-I-name', 'OPEN-I-name']
1 - labels: ['OPEN']
1 - seq_outs: ['O', 'O', 'B-name', 'I-name', 'I-name', 'O', 'O']
1 - slu_labels: ['OPEN-O', 'OPEN-O', 'OPEN-B-name', 'OPEN-I-name', 'OPEN-I-name', 'OPEN-O', 'OPEN-O']
2 - labels: ['OPEN']
2 - seq_outs: ['O', 'O', 'O', 'O', 'B-name', 'I-name']
2 - slu_labels: ['OPEN-O', 'OPEN-O', 'OPEN-O', 'OPEN-O', 'OPEN-B-name', 'OPEN-I-name']
	Domain: website 0 episodes finished
0 - labels: ['QUERY_GROUP']
0 - seq_outs: ['O', 'O', 'O', 'B-name', 'I-name', 'I-name']
0 - slu_labels: ['QUERY_GROUP-O', 'QUERY_GROUP-O', 'QUERY_GROUP-O', 'QUERY_GROUP-B-name', 'QUERY_GROUP-I-name', 'QUERY_GROUP-I-name']
1 - labels: ['QUERY_GROUP']
1 - seq_outs: ['O', 'O', 'B-name', 'I-name', 'I-name', 'I-name', 'I-name']
1 - slu_labels: ['QUERY_GROUP-O', 'QUERY_GROUP-O', 'QUERY_GROUP-B-name', 'QUERY_GROUP-I-name', 'QUERY_GROUP-I-name', 'QUERY_GROUP-I-name', 'QUERY_GROUP-I-name']
2 - labels: ['QUERY_GROUP']
2 - seq_outs: ['O', 'O', 'O', 'B-name', 'I-name', 'I-name', 'I-name']
2 - slu_labels: ['QUERY_GROUP-O', 'QUERY_GROUP-O', 'QUERY_GROUP-O', 'QUERY_GROUP-B-name', 'QUERY_GROUP-I-name', 'QUERY_GROUP-I-name', 'QUERY_GROUP-I-name']
	Domain: childClassics 0 episodes finished
0 - labels: ['CREATE']
0 - seq_outs: ['O', 'O', 'O', 'O', 'O', 'B-name', 'I-name', 'B-code', 'I-code', 'I-code', 'I-code', 'I-code', 'I-code', 'I-code', 'I-code', 'I-code', 'I-code', 'I-code']
0 - slu_labels: ['CREATE-O', 'CREATE-O', 'CREATE-O', 'CREATE-O', 'CREATE-O', 'CREATE-B-name', 'CREATE-I-name', 'CREATE-B-code', 'CREATE-I-code', 'CREATE-I-code', 'CREATE-I-code', 'CREATE-I-code', 'CREATE-I-code', 'CREATE-I-code', 'CREATE-I-code', 'CREATE-I-code', 'CREATE-I-code', 'CREATE-I-code']
1 - labels: ['CREATE']
1 - seq_outs: ['O', 'O', 'O', 'O', 'O', 'B-name', 'I-name', 'B-code', 'I-code', 'I-code', 'I-code', 'I-code', 'I-code', 'I-code', 'I-code', 'I-code', 'I-code', 'I-code']
1 - slu_labels: ['CREATE-O', 'CREATE-O', 'CREATE-O', 'CREATE-O', 'CREATE-O', 'CREATE-B-name', 'CREATE-I-name', 'CREATE-B-code', 'CREATE-I-code', 'CREATE-I-code', 'CREATE-I-code', 'CREATE-I-code', 'CREATE-I-code', 'CREATE-I-code', 'CREATE-I-code', 'CREATE-I-code', 'CREATE-I-code', 'CREATE-I-code']
2 - labels: ['CREATE']
2 - seq_outs: ['O', 'O', 'O', 'O', 'O', 'B-name', 'I-name', 'I-name', 'B-code', 'I-code', 'I-code', 'I-code', 'I-code', 'I-code', 'I-code', 'I-code', 'I-code', 'I-code', 'I-code']
2 - slu_labels: ['CREATE-O', 'CREATE-O', 'CREATE-O', 'CREATE-O', 'CREATE-O', 'CREATE-B-name', 'CREATE-I-name', 'CREATE-I-name', 'CREATE-B-code', 'CREATE-I-code', 'CREATE-I-code', 'CREATE-I-code', 'CREATE-I-code', 'CREATE-I-code', 'CREATE-I-code', 'CREATE-I-code', 'CREATE-I-code', 'CREATE-I-code', 'CREATE-I-code']
	Domain: contacts 0 episodes finished
0 - labels: ['QUERY']
0 - seq_outs: ['B-datetime_date', 'I-datetime_date', 'O', 'O', 'O', 'O', 'O']
0 - slu_labels: ['QUERY-B-datetime_date', 'QUERY-I-datetime_date', 'QUERY-O', 'QUERY-O', 'QUERY-O', 'QUERY-O', 'QUERY-O']
1 - labels: ['QUERY']
1 - seq_outs: ['B-datetime_date', 'I-datetime_date', 'O', 'O', 'O', 'O', 'O', 'O', 'O']
1 - slu_labels: ['QUERY-B-datetime_date', 'QUERY-I-datetime_date', 'QUERY-O', 'QUERY-O', 'QUERY-O', 'QUERY-O', 'QUERY-O', 'QUERY-O', 'QUERY-O']
2 - labels: ['QUERY']
2 - seq_outs: ['O', 'O', 'O', 'B-datetime_date', 'I-datetime_date', 'O', 'O', 'O', 'O', 'O']
2 - slu_labels: ['QUERY-O', 'QUERY-O', 'QUERY-O', 'QUERY-B-datetime_date', 'QUERY-I-datetime_date', 'QUERY-O', 'QUERY-O', 'QUERY-O', 'QUERY-O', 'QUERY-O']
	Domain: calendar 0 episodes finished
0 - labels: ['SET']
0 - seq_outs: ['O', 'O', 'O', 'O', 'O', 'B-attr', 'I-attr', 'O', 'O']
0 - slu_labels: ['SET-O', 'SET-O', 'SET-O', 'SET-O', 'SET-O', 'SET-B-attr', 'SET-I-attr', 'SET-O', 'SET-O']
1 - labels: ['SET']
1 - seq_outs: ['O', 'O', 'O', 'B-attr', 'I-attr', 'I-attr', 'I-attr']
1 - slu_labels: ['SET-O', 'SET-O', 'SET-O', 'SET-B-attr', 'SET-I-attr', 'SET-I-attr', 'SET-I-attr']
2 - labels: ['SET']
2 - seq_outs: ['O', 'B-attr', 'I-attr', 'O', 'O', 'B-attrValue', 'I-attrValue', 'I-attrValue']
2 - slu_labels: ['SET-O', 'SET-B-attr', 'SET-I-attr', 'SET-O', 'SET-O', 'SET-B-attrValue', 'SET-I-attrValue', 'SET-I-attrValue']
	Domain: airControl_smartHome 0 episodes finished
0 - labels: ['SEND']
0 - seq_outs: ['O', 'O', 'O', 'O', 'O', 'O', 'O', 'B-name', 'I-name', 'O', 'O', 'O', 'B-content', 'I-content', 'I-content', 'I-content', 'I-content', 'I-content', 'I-content']
0 - slu_labels: ['SEND-O', 'SEND-O', 'SEND-O', 'SEND-O', 'SEND-O', 'SEND-O', 'SEND-O', 'SEND-B-name', 'SEND-I-name', 'SEND-O', 'SEND-O', 'SEND-O', 'SEND-B-content', 'SEND-I-content', 'SEND-I-content', 'SEND-I-content', 'SEND-I-content', 'SEND-I-content', 'SEND-I-content']
1 - labels: ['LAUNCH']
1 - seq_outs: ['O', 'O', 'O', 'O', 'O', 'O', 'O', 'O', 'O', 'O', 'O', 'O', 'O', 'O', 'O', 'O']
1 - slu_labels: ['LAUNCH', 'LAUNCH', 'LAUNCH', 'LAUNCH', 'LAUNCH', 'LAUNCH', 'LAUNCH', 'LAUNCH', 'LAUNCH', 'LAUNCH', 'LAUNCH', 'LAUNCH', 'LAUNCH', 'LAUNCH', 'LAUNCH', 'LAUNCH']
2 - labels: ['LAUNCH']
2 - seq_outs: ['O', 'O', 'O', 'O', 'O', 'O', 'O', 'O', 'O', 'O', 'O', 'O', 'O', 'O', 'O', 'O']
2 - slu_labels: ['LAUNCH', 'LAUNCH', 'LAUNCH', 'LAUNCH', 'LAUNCH', 'LAUNCH', 'LAUNCH', 'LAUNCH', 'LAUNCH', 'LAUNCH', 'LAUNCH', 'LAUNCH', 'LAUNCH', 'LAUNCH', 'LAUNCH', 'LAUNCH']
	Domain: email 0 episodes finished
0 - labels: ['QUERY']
0 - seq_outs: ['O', 'O', 'O', 'O', 'B-actor', 'I-actor', 'I-actor', 'O', 'O', 'O', 'B-name', 'I-name', 'I-name']
0 - slu_labels: ['QUERY-O', 'QUERY-O', 'QUERY-O', 'QUERY-O', 'QUERY-B-actor', 'QUERY-I-actor', 'QUERY-I-actor', 'QUERY-O', 'QUERY-O', 'QUERY-O', 'QUERY-B-name', 'QUERY-I-name', 'QUERY-I-name']
1 - labels: ['QUERY']
1 - seq_outs: ['O', 'O', 'O', 'B-actor', 'I-actor', 'I-actor', 'O', 'B-name', 'I-name', 'I-name']
1 - slu_labels: ['QUERY-O', 'QUERY-O', 'QUERY-O', 'QUERY-B-actor', 'QUERY-I-actor', 'QUERY-I-actor', 'QUERY-O', 'QUERY-B-name', 'QUERY-I-name', 'QUERY-I-name']
2 - labels: ['QUERY']
2 - seq_outs: ['O', 'O', 'O', 'B-actor', 'I-actor', 'I-actor', 'B-keyword', 'I-keyword', 'I-keyword', 'I-keyword', 'O', 'O']
2 - slu_labels: ['QUERY-O', 'QUERY-O', 'QUERY-O', 'QUERY-B-actor', 'QUERY-I-actor', 'QUERY-I-actor', 'QUERY-B-keyword', 'QUERY-I-keyword', 'QUERY-I-keyword', 'QUERY-I-keyword', 'QUERY-O', 'QUERY-O']
	Domain: crossTalk 0 episodes finished
0 - labels: ['QUERY']
0 - seq_outs: ['B-category', 'I-category', 'I-category', 'I-category', 'I-category', 'O', 'O', 'O', 'O', 'O', 'O', 'O', 'O', 'O', 'O', 'O', 'O']
0 - slu_labels: ['QUERY-B-category', 'QUERY-I-category', 'QUERY-I-category', 'QUERY-I-category', 'QUERY-I-category', 'QUERY-O', 'QUERY-O', 'QUERY-O', 'QUERY-O', 'QUERY-O', 'QUERY-O', 'QUERY-O', 'QUERY-O', 'QUERY-O', 'QUERY-O', 'QUERY-O', 'QUERY-O']
1 - labels: ['QUERY']
1 - seq_outs: ['B-category', 'I-category', 'I-category', 'I-category', 'I-category', 'O', 'O', 'O', 'O', 'O', 'O', 'O']
1 - slu_labels: ['QUERY-B-category', 'QUERY-I-category', 'QUERY-I-category', 'QUERY-I-category', 'QUERY-I-category', 'QUERY-O', 'QUERY-O', 'QUERY-O', 'QUERY-O', 'QUERY-O', 'QUERY-O', 'QUERY-O']
2 - labels: ['QUERY']
2 - seq_outs: ['O', 'O', 'O', 'O', 'O', 'B-company', 'I-company', 'I-company', 'O', 'B-datetime_date', 'I-datetime_date', 'O', 'O']
2 - slu_labels: ['QUERY-O', 'QUERY-O', 'QUERY-O', 'QUERY-O', 'QUERY-O', 'QUERY-B-company', 'QUERY-I-company', 'QUERY-I-company', 'QUERY-O', 'QUERY-B-datetime_date', 'QUERY-I-datetime_date', 'QUERY-O', 'QUERY-O']
	Domain: petrolPrice 0 episodes finished
Abandon labels: {'WAVE_QUERY-I-company', 'WAVE_QUERY-B-company'}
Error: non-match label-set, 
 excess: set(), 
 lack: set()
Abandon labels: {'WAVE_QUERY-I-company', 'WAVE_QUERY-B-company'}
Error: non-match label-set, 
 excess: set(), 
 lack: set()
Abandon labels: {'WAVE_QUERY-I-company', 'WAVE_QUERY-B-company'}
Error: non-match label-set, 
 excess: set(), 
 lack: set()
Abandon labels: {'WAVE_QUERY-I-company', 'WAVE_QUERY-B-company'}
Error: non-match label-set, 
 excess: set(), 
 lack: set()
Abandon labels: {'WAVE_QUERY-I-company', 'WAVE_QUERY-B-company'}
Error: non-match label-set, 
 excess: set(), 
 lack: set()
Abandon labels: {'WAVE_QUERY-I-company', 'WAVE_QUERY-B-company'}
Error: non-match label-set, 
 excess: set(), 
 lack: set()
0 - labels: ['CONVERSION_WITH_NUMBER']
0 - seq_outs: ['B-srcNumber', 'B-srcUnit', 'O', 'O', 'O', 'B-destUnit', 'I-destUnit']
0 - slu_labels: ['CONVERSION_WITH_NUMBER-B-srcNumber', 'CONVERSION_WITH_NUMBER-B-srcUnit', 'CONVERSION_WITH_NUMBER-O', 'CONVERSION_WITH_NUMBER-O', 'CONVERSION_WITH_NUMBER-O', 'CONVERSION_WITH_NUMBER-B-destUnit', 'CONVERSION_WITH_NUMBER-I-destUnit']
1 - labels: ['CONVERSION_WITH_NUMBER']
1 - seq_outs: ['B-srcNumber', 'B-srcUnit', 'O', 'O', 'O', 'O', 'B-destUnit', 'I-destUnit']
1 - slu_labels: ['CONVERSION_WITH_NUMBER-B-srcNumber', 'CONVERSION_WITH_NUMBER-B-srcUnit', 'CONVERSION_WITH_NUMBER-O', 'CONVERSION_WITH_NUMBER-O', 'CONVERSION_WITH_NUMBER-O', 'CONVERSION_WITH_NUMBER-O', 'CONVERSION_WITH_NUMBER-B-destUnit', 'CONVERSION_WITH_NUMBER-I-destUnit']
2 - labels: ['CONVERSION_WITH_NUMBER']
2 - seq_outs: ['B-srcNumber', 'B-srcUnit', 'O', 'O', 'O', 'O', 'O', 'O', 'B-destUnit', 'I-destUnit']
2 - slu_labels: ['CONVERSION_WITH_NUMBER-B-srcNumber', 'CONVERSION_WITH_NUMBER-B-srcUnit', 'CONVERSION_WITH_NUMBER-O', 'CONVERSION_WITH_NUMBER-O', 'CONVERSION_WITH_NUMBER-O', 'CONVERSION_WITH_NUMBER-O', 'CONVERSION_WITH_NUMBER-O', 'CONVERSION_WITH_NUMBER-O', 'CONVERSION_WITH_NUMBER-B-destUnit', 'CONVERSION_WITH_NUMBER-I-destUnit']
	Domain: weightScaler 0 episodes finished
0 - labels: ['PROVINCE_CITY']
0 - seq_outs: ['B-province', 'I-province', 'O', 'O', 'O', 'O', 'B-city', 'I-city', 'O']
0 - slu_labels: ['PROVINCE_CITY-B-province', 'PROVINCE_CITY-I-province', 'PROVINCE_CITY-O', 'PROVINCE_CITY-O', 'PROVINCE_CITY-O', 'PROVINCE_CITY-O', 'PROVINCE_CITY-B-city', 'PROVINCE_CITY-I-city', 'PROVINCE_CITY-O']
1 - labels: ['PROVINCE_CITY']
1 - seq_outs: ['B-province', 'I-province', 'O', 'O', 'O', 'O', 'B-city', 'I-city', 'O']
1 - slu_labels: ['PROVINCE_CITY-B-province', 'PROVINCE_CITY-I-province', 'PROVINCE_CITY-O', 'PROVINCE_CITY-O', 'PROVINCE_CITY-O', 'PROVINCE_CITY-O', 'PROVINCE_CITY-B-city', 'PROVINCE_CITY-I-city', 'PROVINCE_CITY-O']
2 - labels: ['PROVINCE_CITY']
2 - seq_outs: ['B-province', 'I-province', 'O', 'O', 'O', 'O', 'O', 'O', 'B-city', 'I-city']
2 - slu_labels: ['PROVINCE_CITY-B-province', 'PROVINCE_CITY-I-province', 'PROVINCE_CITY-O', 'PROVINCE_CITY-O', 'PROVINCE_CITY-O', 'PROVINCE_CITY-O', 'PROVINCE_CITY-O', 'PROVINCE_CITY-O', 'PROVINCE_CITY-B-city', 'PROVINCE_CITY-I-city']
	Domain: queryCapital 0 episodes finished
0 - labels: ['HISTORY_DATE_QUERY']
0 - seq_outs: ['O', 'O', 'O', 'O', 'B-datetime_date', 'I-datetime_date', 'I-datetime_date', 'I-datetime_date', 'O', 'O', 'O', 'O', 'O']
0 - slu_labels: ['HISTORY_DATE_QUERY-O', 'HISTORY_DATE_QUERY-O', 'HISTORY_DATE_QUERY-O', 'HISTORY_DATE_QUERY-O', 'HISTORY_DATE_QUERY-B-datetime_date', 'HISTORY_DATE_QUERY-I-datetime_date', 'HISTORY_DATE_QUERY-I-datetime_date', 'HISTORY_DATE_QUERY-I-datetime_date', 'HISTORY_DATE_QUERY-O', 'HISTORY_DATE_QUERY-O', 'HISTORY_DATE_QUERY-O', 'HISTORY_DATE_QUERY-O', 'HISTORY_DATE_QUERY-O']
1 - labels: ['HISTORY_DATE_QUERY']
1 - seq_outs: ['O', 'O', 'O', 'O', 'B-datetime_date', 'I-datetime_date', 'I-datetime_date', 'I-datetime_date', 'O', 'O', 'O', 'O', 'O']
1 - slu_labels: ['HISTORY_DATE_QUERY-O', 'HISTORY_DATE_QUERY-O', 'HISTORY_DATE_QUERY-O', 'HISTORY_DATE_QUERY-O', 'HISTORY_DATE_QUERY-B-datetime_date', 'HISTORY_DATE_QUERY-I-datetime_date', 'HISTORY_DATE_QUERY-I-datetime_date', 'HISTORY_DATE_QUERY-I-datetime_date', 'HISTORY_DATE_QUERY-O', 'HISTORY_DATE_QUERY-O', 'HISTORY_DATE_QUERY-O', 'HISTORY_DATE_QUERY-O', 'HISTORY_DATE_QUERY-O']
2 - labels: ['HISTORY_DATE_QUERY']
2 - seq_outs: ['O', 'O', 'O', 'O', 'B-datetime_date', 'I-datetime_date', 'I-datetime_date', 'I-datetime_date', 'O', 'O', 'O', 'O', 'O', 'O', 'O']
2 - slu_labels: ['HISTORY_DATE_QUERY-O', 'HISTORY_DATE_QUERY-O', 'HISTORY_DATE_QUERY-O', 'HISTORY_DATE_QUERY-O', 'HISTORY_DATE_QUERY-B-datetime_date', 'HISTORY_DATE_QUERY-I-datetime_date', 'HISTORY_DATE_QUERY-I-datetime_date', 'HISTORY_DATE_QUERY-I-datetime_date', 'HISTORY_DATE_QUERY-O', 'HISTORY_DATE_QUERY-O', 'HISTORY_DATE_QUERY-O', 'HISTORY_DATE_QUERY-O', 'HISTORY_DATE_QUERY-O', 'HISTORY_DATE_QUERY-O', 'HISTORY_DATE_QUERY-O']
	Domain: historyToday 0 episodes finished
0 - labels: ['QUERY']
0 - seq_outs: ['O', 'O', 'O', 'B-city', 'I-city', 'B-datetime_date', 'I-datetime_date', 'O', 'B-subfocus', 'I-subfocus', 'I-subfocus']
0 - slu_labels: ['QUERY-O', 'QUERY-O', 'QUERY-O', 'QUERY-B-city', 'QUERY-I-city', 'QUERY-B-datetime_date', 'QUERY-I-datetime_date', 'QUERY-O', 'QUERY-B-subfocus', 'QUERY-I-subfocus', 'QUERY-I-subfocus']
1 - labels: ['QUERY']
1 - seq_outs: ['O', 'O', 'O', 'B-datetime_date', 'I-datetime_date', 'O', 'B-subfocus', 'I-subfocus', 'I-subfocus', 'O', 'O', 'O']
1 - slu_labels: ['QUERY-O', 'QUERY-O', 'QUERY-O', 'QUERY-B-datetime_date', 'QUERY-I-datetime_date', 'QUERY-O', 'QUERY-B-subfocus', 'QUERY-I-subfocus', 'QUERY-I-subfocus', 'QUERY-O', 'QUERY-O', 'QUERY-O']
2 - labels: ['QUERY']
2 - seq_outs: ['O', 'O', 'O', 'B-datetime_date', 'I-datetime_date', 'O', 'B-subfocus', 'I-subfocus', 'I-subfocus', 'I-subfocus']
2 - slu_labels: ['QUERY-O', 'QUERY-O', 'QUERY-O', 'QUERY-B-datetime_date', 'QUERY-I-datetime_date', 'QUERY-O', 'QUERY-B-subfocus', 'QUERY-I-subfocus', 'QUERY-I-subfocus', 'QUERY-I-subfocus']
	Domain: weather 0 episodes finished
0 - labels: ['QUERY']
0 - seq_outs: ['B-character', 'O', 'O', 'O']
0 - slu_labels: ['QUERY-B-character', 'QUERY-O', 'QUERY-O', 'QUERY-O']
1 - labels: ['QUERY']
1 - seq_outs: ['B-character', 'O', 'O', 'O']
1 - slu_labels: ['QUERY-B-character', 'QUERY-O', 'QUERY-O', 'QUERY-O']
2 - labels: ['QUERY']
2 - seq_outs: ['B-character', 'O', 'O', 'O']
2 - slu_labels: ['QUERY-B-character', 'QUERY-O', 'QUERY-O', 'QUERY-O']
	Domain: stroke 0 episodes finished
0 - labels: ['QUERY']
0 - seq_outs: ['B-datetime_date', 'I-datetime_date', 'O', 'O', 'O', 'O', 'O', 'O', 'O', 'O']
0 - slu_labels: ['QUERY-B-datetime_date', 'QUERY-I-datetime_date', 'QUERY-O', 'QUERY-O', 'QUERY-O', 'QUERY-O', 'QUERY-O', 'QUERY-O', 'QUERY-O', 'QUERY-O']
1 - labels: ['QUERY']
1 - seq_outs: ['B-datetime_date', 'I-datetime_date', 'O', 'O', 'O', 'O', 'O', 'O', 'O', 'O', 'O']
1 - slu_labels: ['QUERY-B-datetime_date', 'QUERY-I-datetime_date', 'QUERY-O', 'QUERY-O', 'QUERY-O', 'QUERY-O', 'QUERY-O', 'QUERY-O', 'QUERY-O', 'QUERY-O', 'QUERY-O']
2 - labels: ['QUERY']
2 - seq_outs: ['B-datetime_date', 'I-datetime_date', 'O', 'O', 'O', 'O', 'O', 'O', 'O']
2 - slu_labels: ['QUERY-B-datetime_date', 'QUERY-I-datetime_date', 'QUERY-O', 'QUERY-O', 'QUERY-O', 'QUERY-O', 'QUERY-O', 'QUERY-O', 'QUERY-O']
	Domain: carNumber 0 episodes finished
0 - labels: ['DATE_QUERY']
0 - seq_outs: ['B-film', 'I-film', 'O', 'O', 'O', 'O', 'O', 'O', 'O', 'O', 'O', 'O', 'O']
0 - slu_labels: ['DATE_QUERY-B-film', 'DATE_QUERY-I-film', 'DATE_QUERY-O', 'DATE_QUERY-O', 'DATE_QUERY-O', 'DATE_QUERY-O', 'DATE_QUERY-O', 'DATE_QUERY-O', 'DATE_QUERY-O', 'DATE_QUERY-O', 'DATE_QUERY-O', 'DATE_QUERY-O', 'DATE_QUERY-O']
1 - labels: ['QUERY']
1 - seq_outs: ['B-film', 'I-film', 'I-film', 'I-film', 'O', 'O', 'O', 'O']
1 - slu_labels: ['QUERY-B-film', 'QUERY-I-film', 'QUERY-I-film', 'QUERY-I-film', 'QUERY-O', 'QUERY-O', 'QUERY-O', 'QUERY-O']
2 - labels: ['DESCRIPTION_QUERY']
2 - seq_outs: ['B-film', 'I-film', 'I-film', 'I-film', 'I-film', 'O', 'O', 'O', 'O', 'O']
2 - slu_labels: ['DESCRIPTION_QUERY-B-film', 'DESCRIPTION_QUERY-I-film', 'DESCRIPTION_QUERY-I-film', 'DESCRIPTION_QUERY-I-film', 'DESCRIPTION_QUERY-I-film', 'DESCRIPTION_QUERY-O', 'DESCRIPTION_QUERY-O', 'DESCRIPTION_QUERY-O', 'DESCRIPTION_QUERY-O', 'DESCRIPTION_QUERY-O']
	Domain: cinemas 0 episodes finished
0 - labels: ['ALL_FAMILY_NAMES']
0 - seq_outs: ['O', 'O', 'O', 'O', 'O', 'O', 'O', 'O', 'O', 'O']
0 - slu_labels: ['ALL_FAMILY_NAMES', 'ALL_FAMILY_NAMES', 'ALL_FAMILY_NAMES', 'ALL_FAMILY_NAMES', 'ALL_FAMILY_NAMES', 'ALL_FAMILY_NAMES', 'ALL_FAMILY_NAMES', 'ALL_FAMILY_NAMES', 'ALL_FAMILY_NAMES', 'ALL_FAMILY_NAMES']
1 - labels: ['ALLINFO_FAMILY_NAMES']
1 - seq_outs: ['O', 'B-name', 'O', 'B-querytype', 'I-querytype', 'O', 'O']
1 - slu_labels: ['ALLINFO_FAMILY_NAMES-O', 'ALLINFO_FAMILY_NAMES-B-name', 'ALLINFO_FAMILY_NAMES-O', 'ALLINFO_FAMILY_NAMES-B-querytype', 'ALLINFO_FAMILY_NAMES-I-querytype', 'ALLINFO_FAMILY_NAMES-O', 'ALLINFO_FAMILY_NAMES-O']
2 - labels: ['ORDER_FAMILY_NAME']
2 - seq_outs: ['O', 'O', 'O', 'O', 'O', 'O', 'B-orderIndex', 'O', 'O', 'O']
2 - slu_labels: ['ORDER_FAMILY_NAME-O', 'ORDER_FAMILY_NAME-O', 'ORDER_FAMILY_NAME-O', 'ORDER_FAMILY_NAME-O', 'ORDER_FAMILY_NAME-O', 'ORDER_FAMILY_NAME-O', 'ORDER_FAMILY_NAME-B-orderIndex', 'ORDER_FAMILY_NAME-O', 'ORDER_FAMILY_NAME-O', 'ORDER_FAMILY_NAME-O']
	Domain: familyNames 0 episodes finished
Abandon labels: {'ORDER_FAMILY_NAME-I-orderIndex'}
Abandon labels: {'ALLINFO_FAMILY_NAMES-I-name'}
Error: non-match label-set, 
 excess: set(), 
 lack: set()
Abandon labels: {'ALLINFO_FAMILY_NAMES-I-name'}
Error: non-match label-set, 
 excess: set(), 
 lack: set()
Abandon labels: {'ORDER_FAMILY_NAME-I-orderIndex'}
Error: non-match label-set, 
 excess: set(), 
 lack: set()
Abandon labels: {'ORDER_FAMILY_NAME-I-orderIndex'}
Error: non-match label-set, 
 excess: set(), 
 lack: set()
Abandon labels: {'ORDER_FAMILY_NAME-I-orderIndex'}
Error: non-match label-set, 
 excess: set(), 
 lack: set()
Abandon labels: {'ALLINFO_FAMILY_NAMES-I-name'}
Error: non-match label-set, 
 excess: set(), 
 lack: set()
0 - labels: ['PLAY']
0 - seq_outs: ['O', 'O', 'O', 'O', 'O', 'B-name', 'O']
0 - slu_labels: ['PLAY-O', 'PLAY-O', 'PLAY-O', 'PLAY-O', 'PLAY-O', 'PLAY-B-name', 'PLAY-O']
1 - labels: ['PLAY']
1 - seq_outs: ['B-name', 'I-name', 'O', 'O', 'O', 'O', 'O', 'O', 'O', 'O']
1 - slu_labels: ['PLAY-B-name', 'PLAY-I-name', 'PLAY-O', 'PLAY-O', 'PLAY-O', 'PLAY-O', 'PLAY-O', 'PLAY-O', 'PLAY-O', 'PLAY-O']
2 - labels: ['PLAY']
2 - seq_outs: ['B-name', 'O', 'O', 'O', 'O', 'O', 'O', 'O', 'O', 'O']
2 - slu_labels: ['PLAY-B-name', 'PLAY-O', 'PLAY-O', 'PLAY-O', 'PLAY-O', 'PLAY-O', 'PLAY-O', 'PLAY-O', 'PLAY-O', 'PLAY-O']
	Domain: animalCries 0 episodes finished
0 - labels: ['QUERY']
0 - seq_outs: ['O', 'O', 'O', 'B-keyword', 'I-keyword', 'O', 'O', 'O']
0 - slu_labels: ['QUERY-O', 'QUERY-O', 'QUERY-O', 'QUERY-B-keyword', 'QUERY-I-keyword', 'QUERY-O', 'QUERY-O', 'QUERY-O']
1 - labels: ['QUERY']
1 - seq_outs: ['O', 'B-keyword', 'I-keyword', 'O', 'O', 'O']
1 - slu_labels: ['QUERY-O', 'QUERY-B-keyword', 'QUERY-I-keyword', 'QUERY-O', 'QUERY-O', 'QUERY-O']
2 - labels: ['QUERY']
2 - seq_outs: ['O', 'O', 'O', 'O', 'O', 'O', 'B-keyword', 'I-keyword', 'O', 'O', 'O']
2 - slu_labels: ['QUERY-O', 'QUERY-O', 'QUERY-O', 'QUERY-O', 'QUERY-O', 'QUERY-O', 'QUERY-B-keyword', 'QUERY-I-keyword', 'QUERY-O', 'QUERY-O', 'QUERY-O']
	Domain: wordsMeaning 0 episodes finished
0 - labels: ['QUERY']
0 - seq_outs: ['O', 'O', 'O', 'O', 'O', 'O', 'O', 'B-keyword', 'I-keyword', 'I-keyword', 'I-keyword', 'O', 'O']
0 - slu_labels: ['QUERY-O', 'QUERY-O', 'QUERY-O', 'QUERY-O', 'QUERY-O', 'QUERY-O', 'QUERY-O', 'QUERY-B-keyword', 'QUERY-I-keyword', 'QUERY-I-keyword', 'QUERY-I-keyword', 'QUERY-O', 'QUERY-O']
1 - labels: ['QUERY']
1 - seq_outs: ['O', 'O', 'O', 'O', 'O', 'O', 'O', 'B-keyword', 'I-keyword', 'O', 'O', 'O', 'O']
1 - slu_labels: ['QUERY-O', 'QUERY-O', 'QUERY-O', 'QUERY-O', 'QUERY-O', 'QUERY-O', 'QUERY-O', 'QUERY-B-keyword', 'QUERY-I-keyword', 'QUERY-O', 'QUERY-O', 'QUERY-O', 'QUERY-O']
2 - labels: ['QUERY']
2 - seq_outs: ['O', 'O', 'O', 'O', 'O', 'O', 'O', 'B-keyword', 'I-keyword', 'I-keyword', 'I-keyword', 'O', 'O', 'O', 'O']
2 - slu_labels: ['QUERY-O', 'QUERY-O', 'QUERY-O', 'QUERY-O', 'QUERY-O', 'QUERY-O', 'QUERY-O', 'QUERY-B-keyword', 'QUERY-I-keyword', 'QUERY-I-keyword', 'QUERY-I-keyword', 'QUERY-O', 'QUERY-O', 'QUERY-O', 'QUERY-O']
	Domain: sentenceMaking 0 episodes finished
0 - labels: ['QUERY']
0 - seq_outs: ['O', 'O', 'O', 'O', 'O', 'O', 'B-keyword', 'O', 'O']
0 - slu_labels: ['QUERY-O', 'QUERY-O', 'QUERY-O', 'QUERY-O', 'QUERY-O', 'QUERY-O', 'QUERY-B-keyword', 'QUERY-O', 'QUERY-O']
1 - labels: ['QUERY']
1 - seq_outs: ['O', 'O', 'B-keyword', 'O', 'O', 'O', 'O', 'O']
1 - slu_labels: ['QUERY-O', 'QUERY-O', 'QUERY-B-keyword', 'QUERY-O', 'QUERY-O', 'QUERY-O', 'QUERY-O', 'QUERY-O']
2 - labels: ['QUERY']
2 - seq_outs: ['O', 'O', 'B-keyword', 'I-keyword']
2 - slu_labels: ['QUERY-O', 'QUERY-O', 'QUERY-B-keyword', 'QUERY-I-keyword']
	Domain: dream 0 episodes finished
0 - labels: ['PLAY']
0 - seq_outs: ['B-datetime_date', 'I-datetime_date', 'O', 'B-category', 'I-category', 'O', 'O']
0 - slu_labels: ['PLAY-B-datetime_date', 'PLAY-I-datetime_date', 'PLAY-O', 'PLAY-B-category', 'PLAY-I-category', 'PLAY-O', 'PLAY-O']
1 - labels: ['PLAY']
1 - seq_outs: ['B-datetime_date', 'I-datetime_date', 'B-category', 'I-category', 'O', 'O', 'O', 'O', 'O', 'O', 'O', 'O']
1 - slu_labels: ['PLAY-B-datetime_date', 'PLAY-I-datetime_date', 'PLAY-B-category', 'PLAY-I-category', 'PLAY-O', 'PLAY-O', 'PLAY-O', 'PLAY-O', 'PLAY-O', 'PLAY-O', 'PLAY-O', 'PLAY-O']
2 - labels: ['PLAY']
2 - seq_outs: ['O', 'O', 'O', 'O', 'B-category', 'I-category', 'O', 'B-datetime_date', 'I-datetime_date', 'O', 'O', 'O']
2 - slu_labels: ['PLAY-O', 'PLAY-O', 'PLAY-O', 'PLAY-O', 'PLAY-B-category', 'PLAY-I-category', 'PLAY-O', 'PLAY-B-datetime_date', 'PLAY-I-datetime_date', 'PLAY-O', 'PLAY-O', 'PLAY-O']
	Domain: new 0 episodes finished
0 - labels: ['CITY_QUERY_ONE']
0 - seq_outs: ['B-province', 'I-province', 'I-province', 'O', 'O', 'O', 'O', 'O']
0 - slu_labels: ['CITY_QUERY_ONE-B-province', 'CITY_QUERY_ONE-I-province', 'CITY_QUERY_ONE-I-province', 'CITY_QUERY_ONE-O', 'CITY_QUERY_ONE-O', 'CITY_QUERY_ONE-O', 'CITY_QUERY_ONE-O', 'CITY_QUERY_ONE-O']
1 - labels: ['CITY_QUERY_ONE']
1 - seq_outs: ['O', 'O', 'O', 'O', 'O', 'O', 'O', 'O', 'B-province', 'I-province', 'I-province', 'O']
1 - slu_labels: ['CITY_QUERY_ONE-O', 'CITY_QUERY_ONE-O', 'CITY_QUERY_ONE-O', 'CITY_QUERY_ONE-O', 'CITY_QUERY_ONE-O', 'CITY_QUERY_ONE-O', 'CITY_QUERY_ONE-O', 'CITY_QUERY_ONE-O', 'CITY_QUERY_ONE-B-province', 'CITY_QUERY_ONE-I-province', 'CITY_QUERY_ONE-I-province', 'CITY_QUERY_ONE-O']
2 - labels: ['CITY_QUERY_ONE']
2 - seq_outs: ['O', 'O', 'O', 'B-province', 'I-province', 'I-province', 'O', 'O', 'O', 'O', 'O', 'O', 'O']
2 - slu_labels: ['CITY_QUERY_ONE-O', 'CITY_QUERY_ONE-O', 'CITY_QUERY_ONE-O', 'CITY_QUERY_ONE-B-province', 'CITY_QUERY_ONE-I-province', 'CITY_QUERY_ONE-I-province', 'CITY_QUERY_ONE-O', 'CITY_QUERY_ONE-O', 'CITY_QUERY_ONE-O', 'CITY_QUERY_ONE-O', 'CITY_QUERY_ONE-O', 'CITY_QUERY_ONE-O', 'CITY_QUERY_ONE-O']
	Domain: cityOfPro 0 episodes finished
0 - labels: ['PLAY']
0 - seq_outs: ['B-name', 'I-name', 'I-name', 'I-name']
0 - slu_labels: ['PLAY-B-name', 'PLAY-I-name', 'PLAY-I-name', 'PLAY-I-name']
1 - labels: ['PLAY']
1 - seq_outs: ['B-name', 'I-name', 'I-name', 'I-name', 'O', 'O', 'O', 'O']
1 - slu_labels: ['PLAY-B-name', 'PLAY-I-name', 'PLAY-I-name', 'PLAY-I-name', 'PLAY-O', 'PLAY-O', 'PLAY-O', 'PLAY-O']
2 - labels: ['PLAY']
2 - seq_outs: ['B-name', 'I-name', 'I-name', 'I-name', 'O', 'O']
2 - slu_labels: ['PLAY-B-name', 'PLAY-I-name', 'PLAY-I-name', 'PLAY-I-name', 'PLAY-O', 'PLAY-O']
	Domain: tvchannel 0 episodes finished
0 - labels: ['TURN_ON_LIGHT']
0 - seq_outs: ['O', 'O', 'B-位置', 'I-位置', 'O', 'O', 'O', 'B-灯种', 'I-灯种', 'I-灯种']
0 - slu_labels: ['TURN_ON_LIGHT-O', 'TURN_ON_LIGHT-O', 'TURN_ON_LIGHT-B-位置', 'TURN_ON_LIGHT-I-位置', 'TURN_ON_LIGHT-O', 'TURN_ON_LIGHT-O', 'TURN_ON_LIGHT-O', 'TURN_ON_LIGHT-B-灯种', 'TURN_ON_LIGHT-I-灯种', 'TURN_ON_LIGHT-I-灯种']
1 - labels: ['TURN_ON_LIGHT']
1 - seq_outs: ['O', 'O', 'B-位置', 'I-位置', 'O', 'B-灯种', 'I-灯种']
1 - slu_labels: ['TURN_ON_LIGHT-O', 'TURN_ON_LIGHT-O', 'TURN_ON_LIGHT-B-位置', 'TURN_ON_LIGHT-I-位置', 'TURN_ON_LIGHT-O', 'TURN_ON_LIGHT-B-灯种', 'TURN_ON_LIGHT-I-灯种']
2 - labels: ['TURN_ON_LIGHT']
2 - seq_outs: ['O', 'O', 'B-位置', 'I-位置', 'O', 'B-灯种']
2 - slu_labels: ['TURN_ON_LIGHT-O', 'TURN_ON_LIGHT-O', 'TURN_ON_LIGHT-B-位置', 'TURN_ON_LIGHT-I-位置', 'TURN_ON_LIGHT-O', 'TURN_ON_LIGHT-B-灯种']
	Domain: home 0 episodes finished
Train: Few_shot_data gathered and start to dump data
Statistic of generated data
statistic: {'app': {'ave_spt_shots': 5.0, 'ave_query_shots': 3.10077519379845, 'ave_support_size': 15.0}, 'train': {'ave_spt_shots': 27.7, 'ave_query_shots': 8.0, 'ave_support_size': 27.7}, 'telephone': {'ave_spt_shots': 7.5, 'ave_query_shots': 4.123711340206185, 'ave_support_size': 15.0}, 'message': {'ave_spt_shots': 7.386666666666667, 'ave_query_shots': 3.278688524590164, 'ave_support_size': 22.16}, 'cookbook': {'ave_spt_shots': 14.58, 'ave_query_shots': 8.0, 'ave_support_size': 14.58}, 'epg': {'ave_spt_shots': 9.61, 'ave_query_shots': 5.0, 'ave_support_size': 19.22}, 'flight': {'ave_spt_shots': 9.06, 'ave_query_shots': 8.0, 'ave_support_size': 9.06}, 'health': {'ave_spt_shots': 5.28, 'ave_query_shots': 8.0, 'ave_support_size': 5.28}, 'map': {'ave_spt_shots': 16.57, 'ave_query_shots': 4.081632653061225, 'ave_support_size': 33.14}, 'music': {'ave_spt_shots': 13.48, 'ave_query_shots': 4.25531914893617, 'ave_support_size': 26.96}, 'poetry': {'ave_spt_shots': 11.02, 'ave_query_shots': 4.597701149425287, 'ave_support_size': 22.04}, 'stock': {'ave_spt_shots': 8.686666666666667, 'ave_query_shots': 3.6036036036036037, 'ave_support_size': 26.06}, 'translation': {'ave_spt_shots': 5.36, 'ave_query_shots': 8.0, 'ave_support_size': 5.36}, 'video': {'ave_spt_shots': 32.0, 'ave_query_shots': 8.0, 'ave_support_size': 32.0}, 'website': {'ave_spt_shots': 10.0, 'ave_query_shots': 8.0, 'ave_support_size': 10.0}, 'childClassics': {'ave_spt_shots': 11.92, 'ave_query_shots': 4.0, 'ave_support_size': 23.84}, 'contacts': {'ave_spt_shots': 5.01, 'ave_query_shots': 4.040404040404041, 'ave_support_size': 10.02}, 'calendar': {'ave_spt_shots': 10.0, 'ave_query_shots': 8.0, 'ave_support_size': 10.0}, 'airControl_smartHome': {'ave_spt_shots': 18.16, 'ave_query_shots': 8.0, 'ave_support_size': 18.16}, 'email': {'ave_spt_shots': 8.0, 'ave_query_shots': 1.9607843137254901, 'ave_support_size': 40.0}, 'crossTalk': {'ave_spt_shots': 11.52, 'ave_query_shots': 8.0, 'ave_support_size': 11.52}, 'petrolPrice': {'ave_spt_shots': 9.36, 'ave_query_shots': 4.040404040404041, 'ave_support_size': 18.72}, 'weightScaler': {'ave_spt_shots': 10.5, 'ave_query_shots': 4.0, 'ave_support_size': 21.0}, 'queryCapital': {'ave_spt_shots': 5.013333333333334, 'ave_query_shots': 1.702127659574468, 'ave_support_size': 30.08}, 'historyToday': {'ave_spt_shots': 5.0, 'ave_query_shots': 4.0, 'ave_support_size': 10.0}, 'weather': {'ave_spt_shots': 8.94, 'ave_query_shots': 8.0, 'ave_support_size': 8.94}, 'stroke': {'ave_spt_shots': 14.6, 'ave_query_shots': 8.0, 'ave_support_size': 14.6}, 'carNumber': {'ave_spt_shots': 20.84, 'ave_query_shots': 8.0, 'ave_support_size': 20.84}, 'cinemas': {'ave_spt_shots': 9.275, 'ave_query_shots': 2.2857142857142856, 'ave_support_size': 37.1}, 'familyNames': {'ave_spt_shots': 6.815, 'ave_query_shots': 2.1739130434782608, 'ave_support_size': 27.26}, 'animalCries': {'ave_spt_shots': 5.88, 'ave_query_shots': 8.0, 'ave_support_size': 5.88}, 'wordsMeaning': {'ave_spt_shots': 5.0, 'ave_query_shots': 8.0, 'ave_support_size': 5.0}, 'sentenceMaking': {'ave_spt_shots': 10.0, 'ave_query_shots': 8.0, 'ave_support_size': 10.0}, 'dream': {'ave_spt_shots': 5.6, 'ave_query_shots': 8.0, 'ave_support_size': 5.6}, 'new': {'ave_spt_shots': 9.876, 'ave_query_shots': 3.1496062992125986, 'ave_support_size': 49.38}, 'cityOfPro': {'ave_spt_shots': 5.0, 'ave_query_shots': 2.2988505747126435, 'ave_support_size': 20.0}, 'tvchannel': {'ave_spt_shots': 6.488571428571428, 'ave_query_shots': 2.1739130434782608, 'ave_support_size': 45.42}, 'home': {'ave_spt_shots': 7.66, 'ave_query_shots': 2.7027027027027026, 'ave_support_size': 22.98}}

Dev: Few_shot_data gathered and start to dump data
Statistic of generated data
statistic: {'wordFinding': {'ave_spt_shots': 5.5, 'ave_query_shots': 44.5, 'ave_support_size': 11.0}, 'garbageClassify': {'ave_spt_shots': 8.5, 'ave_query_shots': 16.5, 'ave_support_size': 51.0}, 'temperature': {'ave_spt_shots': 5.0, 'ave_query_shots': 45.0, 'ave_support_size': 10.0}, 'holiday': {'ave_spt_shots': 5.5, 'ave_query_shots': 44.5, 'ave_support_size': 11.0}, 'joke': {'ave_spt_shots': 6.25, 'ave_query_shots': 25.75, 'ave_support_size': 25.0}}

Test: Few_shot_data gathered and start to dump data
Statistic of generated data
statistic: {'idiomsDict': {'ave_spt_shots': 5.142857142857143, 'ave_query_shots': 19.857142857142858, 'ave_support_size': 36.0}, 'timesTable': {'ave_spt_shots': 5.0, 'ave_query_shots': 19.0, 'ave_support_size': 20.0}, 'captialInfo': {'ave_spt_shots': 5.4, 'ave_query_shots': 19.6, 'ave_support_size': 27.0}, 'length': {'ave_spt_shots': 5.0, 'ave_query_shots': 45.0, 'ave_support_size': 10.0}, 'story': {'ave_spt_shots': 6.166666666666667, 'ave_query_shots': 17.0, 'ave_support_size': 37.0}, 'constellation': {'ave_spt_shots': 5.8, 'ave_query_shots': 19.2, 'ave_support_size': 29.0}, 'virusSearch': {'ave_spt_shots': 5.5, 'ave_query_shots': 19.333333333333332, 'ave_support_size': 33.0}, 'chineseZodiac': {'ave_spt_shots': 6.2, 'ave_query_shots': 18.8, 'ave_support_size': 31.0}, 'drama': {'ave_spt_shots': 10.0, 'ave_query_shots': 158.0, 'ave_support_size': 10.0}}

Dump data to dir:  ./result/SMP_data_slu_5/
Output to: ./result/SMP_data_slu_5/smp.spt_s_5.q_s_8.ep_50.cross_id_0
Process finished
